Using pre-set license
Built from '2023.1/staging' branch; Version is '2023.1.15f1 (831263a4172c) revision 8589923'; Using compiler version '192829333'; Build Type 'Release'
OS: 'Windows 10  (10.0.19045) 64bit Professional' Language: 'pt' Physical Memory: 8061 MB
BatchMode: 1, IsHumanControllingUs: 0, StartBugReporterOnCrash: 0, Is64bit: 1, IsPro: 1

COMMAND LINE ARGUMENTS:
C:\Program Files\Unity\Hub\Editor\2023.1.15f1\Editor\Unity.exe
-adb2
-batchMode
-noUpm
-name
AssetImportWorker10
-projectPath
D:/67BITS/TesteMobile
-logFile
Logs/AssetImportWorker10.log
-srvPort
64769
Successfully changed project path to: D:/67BITS/TesteMobile
D:/67BITS/TesteMobile
[UnityMemory] Configuration Parameters - Can be set up in boot.config
    "memorysetup-bucket-allocator-granularity=16"
    "memorysetup-bucket-allocator-bucket-count=8"
    "memorysetup-bucket-allocator-block-size=33554432"
    "memorysetup-bucket-allocator-block-count=8"
    "memorysetup-main-allocator-block-size=16777216"
    "memorysetup-thread-allocator-block-size=16777216"
    "memorysetup-gfx-main-allocator-block-size=16777216"
    "memorysetup-gfx-thread-allocator-block-size=16777216"
    "memorysetup-cache-allocator-block-size=4194304"
    "memorysetup-typetree-allocator-block-size=2097152"
    "memorysetup-profiler-bucket-allocator-granularity=16"
    "memorysetup-profiler-bucket-allocator-bucket-count=8"
    "memorysetup-profiler-bucket-allocator-block-size=33554432"
    "memorysetup-profiler-bucket-allocator-block-count=8"
    "memorysetup-profiler-allocator-block-size=16777216"
    "memorysetup-profiler-editor-allocator-block-size=1048576"
    "memorysetup-temp-allocator-size-main=16777216"
    "memorysetup-job-temp-allocator-block-size=2097152"
    "memorysetup-job-temp-allocator-block-size-background=1048576"
    "memorysetup-job-temp-allocator-reduction-small-platforms=262144"
    "memorysetup-allocator-temp-initial-block-size-main=262144"
    "memorysetup-allocator-temp-initial-block-size-worker=262144"
    "memorysetup-temp-allocator-size-background-worker=32768"
    "memorysetup-temp-allocator-size-job-worker=262144"
    "memorysetup-temp-allocator-size-preload-manager=33554432"
    "memorysetup-temp-allocator-size-nav-mesh-worker=65536"
    "memorysetup-temp-allocator-size-audio-worker=65536"
    "memorysetup-temp-allocator-size-cloud-worker=32768"
    "memorysetup-temp-allocator-size-gi-baking-worker=262144"
    "memorysetup-temp-allocator-size-gfx=262144"
Player connection [288] Host "[IP] 192.168.18.27 [Port] 0 [Flags] 2 [Guid] 3225940882 [EditorId] 3225940882 [Version] 1048832 [Id] WindowsEditor(7,DESKTOP-G0I7O6P) [Debug] 1 [PackageName] WindowsEditor [ProjectName] Editor" joined multi-casting on [225.0.0.222:54997]...

Player connection [288] Host "[IP] 192.168.18.27 [Port] 0 [Flags] 2 [Guid] 3225940882 [EditorId] 3225940882 [Version] 1048832 [Id] WindowsEditor(7,DESKTOP-G0I7O6P) [Debug] 1 [PackageName] WindowsEditor [ProjectName] Editor" joined alternative multi-casting on [225.0.0.222:34997]...

[Physics::Module] Initialized MultithreadedJobDispatcher with 11 workers.
Library Redirect Path: Library/Refreshing native plugins compatible for Editor in 4.16 ms, found 3 plugins.
Preloading 0 native plugins for Editor in 0.00 ms.
Initialize engine version: 2023.1.15f1 (831263a4172c)
[Subsystems] Discovering subsystems at path C:/Program Files/Unity/Hub/Editor/2023.1.15f1/Editor/Data/Resources/UnitySubsystems
[Subsystems] Discovering subsystems at path D:/67BITS/TesteMobile/Assets
GfxDevice: creating device client; threaded=0; jobified=0
Direct3D:
    Version:  Direct3D 11.0 [level 11.1]
    Renderer: NVIDIA GeForce GTX 1050 Ti (ID=0x1c82)
    Vendor:   NVIDIA
    VRAM:     4004 MB
    Driver:   31.0.15.5123
Initialize mono
Mono path[0] = 'C:/Program Files/Unity/Hub/Editor/2023.1.15f1/Editor/Data/Managed'
Mono path[1] = 'C:/Program Files/Unity/Hub/Editor/2023.1.15f1/Editor/Data/MonoBleedingEdge/lib/mono/unityjit-win32'
Mono config path = 'C:/Program Files/Unity/Hub/Editor/2023.1.15f1/Editor/Data/MonoBleedingEdge/etc'
Using monoOptions --debugger-agent=transport=dt_socket,embedding=1,server=y,suspend=n,address=127.0.0.1:56044
Begin MonoManager ReloadAssembly
C:\build\output\Unity-Technologies\mono\mono\metadata\icall.c:1842:
C:\build\output\Unity-Technologies\mono\mono\metadata\icall.c:1842:
C:\build\output\Unity-Technologies\mono\mono\metadata\icall.c:1842:
C:\build\output\Unity-Technologies\mono\mono\metadata\icall.c:1842:
C:\build\output\Unity-Technologies\mono\mono\metadata\icall.c:1842:
C:\build\output\Unity-Technologies\mono\mono\metadata\icall.c:1842:
C:\build\output\Unity-Technologies\mono\mono\metadata\icall.c:1842:
C:\build\output\Unity-Technologies\mono\mono\metadata\icall.c:1842:
C:\build\output\Unity-Technologies\mono\mono\metadata\icall.c:1842:
C:\build\output\Unity-Technologies\mono\mono\metadata\icall.c:1842:
Registering precompiled unity dll's ...
Register platform support module: C:/Program Files/Unity/Hub/Editor/2023.1.15f1/Editor/Data/PlaybackEngines/WindowsStandaloneSupport/UnityEditor.WindowsStandalone.Extensions.dll
Register platform support module: C:/Program Files/Unity/Hub/Editor/2023.1.15f1/Editor/Data/PlaybackEngines/AndroidPlayer/UnityEditor.Android.Extensions.dll
Registered in 0.003442 seconds.
- Loaded All Assemblies, in  0.314 seconds
Native extension for Android target not found
Android Extension - Scanning For ADB Devices 210 ms
Native extension for WindowsStandalone target not found
Mono: successfully reloaded assembly
C:\build\output\Unity-Technologies\mono\mono\metadata\icall.c:1842:
C:\build\output\Unity-Technologies\mono\mono\metadata\icall.c:1842:
- Finished resetting the current domain, in  0.481 seconds
Domain Reload Profiling: 794ms
	BeginReloadAssembly (97ms)
		ExecutionOrderSort (0ms)
		DisableScriptedObjects (0ms)
		BackupInstance (0ms)
		ReleaseScriptingObjects (0ms)
		CreateAndSetChildDomain (1ms)
	RebuildCommonClasses (27ms)
	RebuildNativeTypeToScriptingClass (8ms)
	initialDomainReloadingComplete (44ms)
	LoadAllAssembliesAndSetupDomain (135ms)
		LoadAssemblies (96ms)
		RebuildTransferFunctionScriptingTraits (0ms)
		AnalyzeDomain (131ms)
			TypeCache.Refresh (130ms)
				TypeCache.ScanAssembly (120ms)
			ScanForSourceGeneratedMonoScriptInfo (0ms)
			ResolveRequiredComponents (0ms)
	FinalizeReload (482ms)
		ReleaseScriptCaches (0ms)
		RebuildScriptCaches (0ms)
		SetupLoadedEditorAssemblies (446ms)
			LogAssemblyErrors (0ms)
			InitializePlatformSupportModulesInManaged (294ms)
			SetLoadedEditorAssemblies (3ms)
			BeforeProcessingInitializeOnLoad (5ms)
			ProcessInitializeOnLoadAttributes (99ms)
			ProcessInitializeOnLoadMethodAttributes (45ms)
			AfterProcessingInitializeOnLoad (0ms)
			EditorAssembliesLoaded (0ms)
		ExecutionOrderSort2 (0ms)
		AwakeInstancesAfterBackupRestoration (0ms)
========================================================================
Worker process is ready to serve import requests
Import Worker Mode flag is 0x00
Begin MonoManager ReloadAssembly
C:\build\output\Unity-Technologies\mono\mono\metadata\icall.c:1842:
C:\build\output\Unity-Technologies\mono\mono\metadata\icall.c:1842:
C:\build\output\Unity-Technologies\mono\mono\metadata\icall.c:1842:
C:\build\output\Unity-Technologies\mono\mono\metadata\icall.c:1842:
C:\build\output\Unity-Technologies\mono\mono\metadata\icall.c:1842:
C:\build\output\Unity-Technologies\mono\mono\metadata\icall.c:1842:
C:\build\output\Unity-Technologies\mono\mono\metadata\icall.c:1842:
C:\build\output\Unity-Technologies\mono\mono\metadata\icall.c:1842:
C:\build\output\Unity-Technologies\mono\mono\metadata\icall.c:1842:
C:\build\output\Unity-Technologies\mono\mono\metadata\icall.c:1842:
C:\build\output\Unity-Technologies\mono\mono\metadata\icall.c:1842:
C:\build\output\Unity-Technologies\mono\mono\metadata\icall.c:1842:
Symbol file LoadedFromMemory doesn't match image D:\67BITS\TesteMobile\Library\PackageCache\com.unity.visualscripting@1.8.0\Editor\VisualScripting.Core\Dependencies\YamlDotNet\Unity.VisualScripting.YamlDotNet.dll
Symbol file LoadedFromMemory doesn't match image D:\67BITS\TesteMobile\Library\PackageCache\com.unity.visualscripting@1.8.0\Editor\VisualScripting.Core\Dependencies\DotNetZip\Unity.VisualScripting.IonicZip.dll
- Loaded All Assemblies, in  0.702 seconds
Refreshing native plugins compatible for Editor in 1.28 ms, found 3 plugins.
Native extension for Android target not found
Native extension for WindowsStandalone target not found
Mono: successfully reloaded assembly
- Finished resetting the current domain, in  0.472 seconds
Domain Reload Profiling: 1172ms
	BeginReloadAssembly (230ms)
		ExecutionOrderSort (0ms)
		DisableScriptedObjects (7ms)
		BackupInstance (0ms)
		ReleaseScriptingObjects (0ms)
		CreateAndSetChildDomain (28ms)
	RebuildCommonClasses (28ms)
	RebuildNativeTypeToScriptingClass (9ms)
	initialDomainReloadingComplete (31ms)
	LoadAllAssembliesAndSetupDomain (403ms)
		LoadAssemblies (232ms)
		RebuildTransferFunctionScriptingTraits (0ms)
		AnalyzeDomain (245ms)
			TypeCache.Refresh (230ms)
				TypeCache.ScanAssembly (218ms)
			ScanForSourceGeneratedMonoScriptInfo (11ms)
			ResolveRequiredComponents (4ms)
	FinalizeReload (472ms)
		ReleaseScriptCaches (0ms)
		RebuildScriptCaches (0ms)
		SetupLoadedEditorAssemblies (314ms)
			LogAssemblyErrors (0ms)
			InitializePlatformSupportModulesInManaged (18ms)
			SetLoadedEditorAssemblies (3ms)
			BeforeProcessingInitializeOnLoad (54ms)
			ProcessInitializeOnLoadAttributes (217ms)
			ProcessInitializeOnLoadMethodAttributes (17ms)
			AfterProcessingInitializeOnLoad (4ms)
			EditorAssembliesLoaded (0ms)
		ExecutionOrderSort2 (0ms)
		AwakeInstancesAfterBackupRestoration (7ms)
Launched and connected shader compiler UnityShaderCompiler.exe after 0.01 seconds
Refreshing native plugins compatible for Editor in 1.19 ms, found 3 plugins.
Preloading 0 native plugins for Editor in 0.00 ms.
Unloading 3189 Unused Serialized files (Serialized files now loaded: 0)
Unloading 31 unused Assets / (52.7 KB). Loaded Objects now: 3733.
Memory consumption went from 126.9 MB to 126.9 MB.
Total: 3.445800 ms (FindLiveObjects: 0.203400 ms CreateObjectMapping: 0.095800 ms MarkObjects: 3.054300 ms  DeleteObjects: 0.091400 ms)

AssetImportParameters requested are different than current active one (requested -> active):
  custom:video-decoder-webm-vp8: 9c59270c3fd7afecdb556c50c9e8de78 -> 
  custom:SearchIndexIgnoredProperties: e643bd26f0fe6173181afceb89e7c659 -> 
  custom:audio-encoder-webm-vorbis: bf7c407c2cedff20999df2af8eb42d56 -> 
  custom:AudioImporter_EditorPlatform: d09bf68614088b80899f8185d706f6e7 -> 
  custom:audio-decoder-ogg-vorbis: bf7c407c2cedff20999df2af8eb42d56 -> 
  custom:video-encoder-webm-vp8: eb34c28f22e8b96e1ab97ce403110664 -> 
  custom:container-demuxer-ogg: 62fdf1f143b41e24485cea50d1cbac27 -> 
  custom:framework-win-MediaFoundation: 216162199b28c13a410421893ffa2e32 -> 
  custom:video-decoder-ogg-theora: a1e56fd34408186e4bbccfd4996cb3dc -> 
  custom:container-muxer-webm: aa71ff27fc2769a1b78a27578f13a17b -> 
  custom:CustomObjectIndexerAttribute: 756ad292c208cfabdd7b50bc23989ffe -> 
  custom:container-demuxer-webm: 4f35f7cbe854078d1ac9338744f61a02 -> 
========================================================================
Received Import Request.
  Time since last request: 201684.222259 seconds.
  path: Assets/Human_cloth_model/Materials/Background 1.mat
  artifactKey: Guid(7eb09ef3d7d41664a9887099f385843f) Importer(815301076,1909f56bfc062723c751e8b465ee728b)
Start importing Assets/Human_cloth_model/Materials/Background 1.mat using Guid(7eb09ef3d7d41664a9887099f385843f) Importer(815301076,1909f56bfc062723c751e8b465ee728b)  -> (artifact id: '67a3d8f271f2ff96a409ffd6e4357d4e') in 0.076587 seconds
Number of updated asset objects reloaded before import = 1
Number of asset objects unloaded after import = 1
========================================================================
Received Import Request.
  Time since last request: 32.359173 seconds.
  path: Assets/Human_cloth_model/Prefabs/Characters/Girl.prefab
  artifactKey: Guid(75c3a46c696ec2c4b8fe3370b83f927c) Importer(815301076,1909f56bfc062723c751e8b465ee728b)
Start importing Assets/Human_cloth_model/Prefabs/Characters/Girl.prefab using Guid(75c3a46c696ec2c4b8fe3370b83f927c) Importer(815301076,1909f56bfc062723c751e8b465ee728b)  -> (artifact id: '7c57817173cadf2d46f1a95872467ea4') in 0.173259 seconds
Number of updated asset objects reloaded before import = 0
Number of asset objects unloaded after import = 275
========================================================================
Received Import Request.
  Time since last request: 7.278487 seconds.
  path: Assets/Human_cloth_model/Prefabs/Accessories/Bowtie.prefab
  artifactKey: Guid(71e9f925657b4e646baa5521859863c9) Importer(815301076,1909f56bfc062723c751e8b465ee728b)
Start importing Assets/Human_cloth_model/Prefabs/Accessories/Bowtie.prefab using Guid(71e9f925657b4e646baa5521859863c9) Importer(815301076,1909f56bfc062723c751e8b465ee728b)  -> (artifact id: '14e9b9f0e0a3e947d0defb41e0cdf5dc') in 0.016078 seconds
Number of updated asset objects reloaded before import = 0
Number of asset objects unloaded after import = 9
========================================================================
Received Import Request.
  Time since last request: 0.000019 seconds.
  path: Assets/Human_cloth_model/Prefabs/Accessories/Glasses_02.prefab
  artifactKey: Guid(719ee9af4107bae4cac4243cc380c8a5) Importer(815301076,1909f56bfc062723c751e8b465ee728b)
Start importing Assets/Human_cloth_model/Prefabs/Accessories/Glasses_02.prefab using Guid(719ee9af4107bae4cac4243cc380c8a5) Importer(815301076,1909f56bfc062723c751e8b465ee728b)  -> (artifact id: '845c3dd730ce1059e5ddc700cd8c116b') in 0.014786 seconds
Number of updated asset objects reloaded before import = 0
Number of asset objects unloaded after import = 9
========================================================================
Received Import Request.
  Time since last request: 0.000018 seconds.
  path: Assets/Human_cloth_model/Prefabs/Accessories/Hat_Crown.prefab
  artifactKey: Guid(433c9d8b5191de54d9dca1c0fcfde5fa) Importer(815301076,1909f56bfc062723c751e8b465ee728b)
Start importing Assets/Human_cloth_model/Prefabs/Accessories/Hat_Crown.prefab using Guid(433c9d8b5191de54d9dca1c0fcfde5fa) Importer(815301076,1909f56bfc062723c751e8b465ee728b)  -> (artifact id: '7ddf31923469361f24d96be74821d077') in 0.015049 seconds
Number of updated asset objects reloaded before import = 0
Number of asset objects unloaded after import = 9
========================================================================
Received Import Request.
  Time since last request: 0.000030 seconds.
  path: Assets/Human_cloth_model/Prefabs/Accessories/Hat_Cap.prefab
  artifactKey: Guid(66606c34c3ddb6a498fda300436cdf31) Importer(815301076,1909f56bfc062723c751e8b465ee728b)
Start importing Assets/Human_cloth_model/Prefabs/Accessories/Hat_Cap.prefab using Guid(66606c34c3ddb6a498fda300436cdf31) Importer(815301076,1909f56bfc062723c751e8b465ee728b)  -> (artifact id: '9fd8363d1dd4cbe53386b285ad4183a8') in 0.015470 seconds
Number of updated asset objects reloaded before import = 0
Number of asset objects unloaded after import = 9
========================================================================
Received Import Request.
  Time since last request: 0.000016 seconds.
  path: Assets/Human_cloth_model/Prefabs/Accessories/Glasses_04.prefab
  artifactKey: Guid(dab51a9ab5e4a2545b67873c2dd417b9) Importer(815301076,1909f56bfc062723c751e8b465ee728b)
Start importing Assets/Human_cloth_model/Prefabs/Accessories/Glasses_04.prefab using Guid(dab51a9ab5e4a2545b67873c2dd417b9) Importer(815301076,1909f56bfc062723c751e8b465ee728b)  -> (artifact id: 'f887ff93d120dcf0b8399c66552e2597') in 0.016513 seconds
Number of updated asset objects reloaded before import = 0
Number of asset objects unloaded after import = 9
========================================================================
Received Import Request.
  Time since last request: 0.000019 seconds.
  path: Assets/Human_cloth_model/Prefabs/Accessories/Glasses_03.prefab
  artifactKey: Guid(2472b4f06cf40f6439164b14aed7d317) Importer(815301076,1909f56bfc062723c751e8b465ee728b)
Start importing Assets/Human_cloth_model/Prefabs/Accessories/Glasses_03.prefab using Guid(2472b4f06cf40f6439164b14aed7d317) Importer(815301076,1909f56bfc062723c751e8b465ee728b)  -> (artifact id: 'c8eee9f3299ba458f67dfe01e9eb25e5') in 0.016008 seconds
Number of updated asset objects reloaded before import = 0
Number of asset objects unloaded after import = 9
========================================================================
Received Import Request.
  Time since last request: 0.000015 seconds.
  path: Assets/Human_cloth_model/Prefabs/Accessories/Hair_03.prefab
  artifactKey: Guid(bd27968e9d9191b499df7aa29198f3ca) Importer(815301076,1909f56bfc062723c751e8b465ee728b)
Start importing Assets/Human_cloth_model/Prefabs/Accessories/Hair_03.prefab using Guid(bd27968e9d9191b499df7aa29198f3ca) Importer(815301076,1909f56bfc062723c751e8b465ee728b)  -> (artifact id: '675bddf870ded530b4b3991faaa44588') in 0.013685 seconds
Number of updated asset objects reloaded before import = 0
Number of asset objects unloaded after import = 9
========================================================================
Received Import Request.
  Time since last request: 43.173922 seconds.
  path: Assets/Animations/Rumba Dancing.fbx
  artifactKey: Guid(69870d9aef89443468cf4436e01b9131) Importer(815301076,1909f56bfc062723c751e8b465ee728b)
Start importing Assets/Animations/Rumba Dancing.fbx using Guid(69870d9aef89443468cf4436e01b9131) Importer(815301076,1909f56bfc062723c751e8b465ee728b)  -> (artifact id: '392b93c1aaeb04d152595116395d9540') in 0.118463 seconds
Number of updated asset objects reloaded before import = 0
Number of asset objects unloaded after import = 79
========================================================================
Received Import Request.
  Time since last request: 17.171414 seconds.
  path: Assets/Human_cloth_model/Materials/Background 1.mat
  artifactKey: Guid(7eb09ef3d7d41664a9887099f385843f) Importer(815301076,1909f56bfc062723c751e8b465ee728b)
Start importing Assets/Human_cloth_model/Materials/Background 1.mat using Guid(7eb09ef3d7d41664a9887099f385843f) Importer(815301076,1909f56bfc062723c751e8b465ee728b)  -> (artifact id: '6558ddde15a8b953fcfe00646c13776e') in 0.012658 seconds
Number of updated asset objects reloaded before import = 1
Number of asset objects unloaded after import = 1
Editor requested this worker to shutdown with reason: Scaling down because of idle timeout
AssetImportWorker is now disconnected from the server
Process exiting
Exiting without the bug reporter. Application will terminate with return code 0